Started GET "/" for ::1 at 2020-10-08 16:36:51 -0700
DEPRECATION WARNING: ActiveRecord::Base.raise_in_transactional_callbacks= is deprecated, has no effect and will be removed without replacement. (called from block (3 levels) in <class:Railtie> at /Users/carlosgarciajr/.rbenv/versions/2.5.1/lib/ruby/gems/2.5.0/gems/activerecord-5.0.7.2/lib/active_record/railtie.rb:113)
Processing by StaticPagesController#index as HTML
  Rendering static_pages/index.html.erb within layouts/application
  Rendered shared/_main_nav.html.erb (0.3ms)
  Rendered shared/_masthead.html.erb (0.2ms)
  Rendered shared/_sections_nav.html.erb (0.2ms)
  Rendered shared/_search_modal.html.erb (0.2ms)
  Rendered shared/_main_content.html.erb (0.2ms)
  Rendered static_pages/index.html.erb within layouts/application (15.2ms)
Completed 200 OK in 362ms (Views: 358.9ms | ActiveRecord: 0.0ms)


Started GET "/assets/application.self-5e5b219656abf8c4e83f7dfd5e5f4f415d8fe2348d16620303a4ed96d1b5a144.css?body=1" for ::1 at 2020-10-08 16:36:52 -0700
Started GET "/" for ::1 at 2020-10-08 16:36:53 -0700
Processing by StaticPagesController#index as HTML
  Rendering static_pages/index.html.erb within layouts/application
  Rendered shared/_main_nav.html.erb (0.2ms)
  Rendered shared/_masthead.html.erb (0.2ms)
  Rendered shared/_sections_nav.html.erb (0.2ms)
  Rendered shared/_search_modal.html.erb (0.2ms)
  Rendered shared/_main_content.html.erb (0.1ms)
  Rendered static_pages/index.html.erb within layouts/application (13.2ms)
Completed 200 OK in 29ms (Views: 26.9ms | ActiveRecord: 0.0ms)


Started GET "/" for ::1 at 2020-10-08 16:37:17 -0700
Processing by StaticPagesController#index as HTML
  Rendering static_pages/index.html.erb within layouts/application
  Rendered shared/_main_nav.html.erb (0.2ms)
  Rendered shared/_masthead.html.erb (0.2ms)
  Rendered shared/_sections_nav.html.erb (0.2ms)
  Rendered shared/_search_modal.html.erb (0.2ms)
  Rendered shared/_main_content.html.erb (0.2ms)
  Rendered static_pages/index.html.erb within layouts/application (14.6ms)
Completed 200 OK in 35ms (Views: 31.8ms | ActiveRecord: 0.0ms)


Started GET "/" for ::1 at 2020-10-08 16:37:20 -0700
Processing by StaticPagesController#index as HTML
  Rendering static_pages/index.html.erb within layouts/application
  Rendered shared/_main_nav.html.erb (0.2ms)
  Rendered shared/_masthead.html.erb (0.2ms)
  Rendered shared/_sections_nav.html.erb (0.2ms)
  Rendered shared/_search_modal.html.erb (0.2ms)
  Rendered shared/_main_content.html.erb (0.2ms)
  Rendered static_pages/index.html.erb within layouts/application (12.8ms)
Completed 200 OK in 30ms (Views: 27.7ms | ActiveRecord: 0.0ms)


Started GET "/" for ::1 at 2020-10-09 09:59:50 -0700
DEPRECATION WARNING: ActiveRecord::Base.raise_in_transactional_callbacks= is deprecated, has no effect and will be removed without replacement. (called from block (3 levels) in <class:Railtie> at /Users/carlosgarciajr/.rbenv/versions/2.5.1/lib/ruby/gems/2.5.0/gems/activerecord-5.0.7.2/lib/active_record/railtie.rb:113)
Processing by StaticPagesController#index as HTML
  Rendering static_pages/index.html.erb within layouts/application
  Rendered shared/_main_nav.html.erb (0.3ms)
  Rendered shared/_masthead.html.erb (0.2ms)
  Rendered shared/_sections_nav.html.erb (0.2ms)
  Rendered shared/_search_modal.html.erb (0.2ms)
  Rendered shared/_main_content.html.erb (0.2ms)
  Rendered static_pages/index.html.erb within layouts/application (15.4ms)
Completed 200 OK in 353ms (Views: 350.1ms | ActiveRecord: 0.0ms)


Started GET "/assets/application.self-7aae4f884d21c0f895d0e25909b4a3857ca3f7bdd4412baf28bf32a8b1f558b1.css?body=1" for ::1 at 2020-10-09 09:59:51 -0700
Started GET "/" for ::1 at 2020-10-09 10:00:16 -0700
Processing by StaticPagesController#index as HTML
  Rendering static_pages/index.html.erb within layouts/application
  Rendered shared/_main_nav.html.erb (0.2ms)
  Rendered shared/_masthead.html.erb (0.2ms)
  Rendered shared/_sections_nav.html.erb (0.1ms)
  Rendered shared/_search_modal.html.erb (0.2ms)
  Rendered shared/_main_content.html.erb (0.4ms)
  Rendered static_pages/index.html.erb within layouts/application (12.9ms)
Completed 200 OK in 34ms (Views: 30.5ms | ActiveRecord: 0.0ms)


Started GET "/assets/new_office.jpg" for ::1 at 2020-10-09 10:00:16 -0700
Started GET "/" for ::1 at 2020-10-09 10:03:51 -0700
Processing by StaticPagesController#index as HTML
  Rendering static_pages/index.html.erb within layouts/application
  Rendered shared/_main_nav.html.erb (0.2ms)
  Rendered shared/_masthead.html.erb (0.2ms)
  Rendered shared/_sections_nav.html.erb (0.3ms)
  Rendered shared/_search_modal.html.erb (0.2ms)
  Rendered shared/_main_content.html.erb (0.3ms)
  Rendered static_pages/index.html.erb within layouts/application (13.1ms)
Completed 200 OK in 109ms (Views: 104.9ms | ActiveRecord: 0.0ms)


Started GET "/assets/application.self-e229079662ba64eec2df88cc9898f07a6b5005419aa37c928d3d684a6d58d3e4.css?body=1" for ::1 at 2020-10-09 10:03:51 -0700
Started GET "/assets/new_office.jpg" for ::1 at 2020-10-09 10:03:51 -0700
Started GET "/" for ::1 at 2020-10-12 13:48:14 -0700
DEPRECATION WARNING: ActiveRecord::Base.raise_in_transactional_callbacks= is deprecated, has no effect and will be removed without replacement. (called from block (3 levels) in <class:Railtie> at /Users/carlosgarciajr/.rbenv/versions/2.5.1/lib/ruby/gems/2.5.0/gems/activerecord-5.0.7.2/lib/active_record/railtie.rb:113)
Processing by StaticPagesController#index as HTML
  Rendering static_pages/index.html.erb within layouts/application
  Rendered shared/_main_nav.html.erb (0.2ms)
  Rendered shared/_masthead.html.erb (0.1ms)
  Rendered shared/_sections_nav.html.erb (0.1ms)
  Rendered shared/_search_modal.html.erb (0.2ms)
  Rendered shared/_main_content.html.erb (0.3ms)
  Rendered static_pages/index.html.erb within layouts/application (14.5ms)
Completed 500 Internal Server Error in 194ms (ActiveRecord: 0.0ms)



Sass::SyntaxError - File to import not found or unreadable: base/grid.scss.
Load paths:
  /Users/carlosgarciajr/Documents/programming/app_academy_work/curriculum/html-css/projects/aa_times/skeleton/app/assets/images
  /Users/carlosgarciajr/Documents/programming/app_academy_work/curriculum/html-css/projects/aa_times/skeleton/app/assets/javascripts
  /Users/carlosgarciajr/Documents/programming/app_academy_work/curriculum/html-css/projects/aa_times/skeleton/app/assets/stylesheets
  /Users/carlosgarciajr/Documents/programming/app_academy_work/curriculum/html-css/projects/aa_times/skeleton/vendor/assets/javascripts
  /Users/carlosgarciajr/Documents/programming/app_academy_work/curriculum/html-css/projects/aa_times/skeleton/vendor/assets/stylesheets
  /Users/carlosgarciajr/.rbenv/versions/2.5.1/lib/ruby/gems/2.5.0/gems/jquery-rails-4.4.0/vendor/assets/javascripts
  /Users/carlosgarciajr/.rbenv/versions/2.5.1/lib/ruby/gems/2.5.0/gems/coffee-rails-4.2.2/lib/assets/javascripts
  /Users/carlosgarciajr/.rbenv/versions/2.5.1/lib/ruby/gems/2.5.0/gems/actioncable-5.0.7.2/lib/assets/compiled:
  app/views/layouts/application.html.erb:7:in `_app_views_layouts_application_html_erb___270333905406359367_70279989431840'

Started POST "/__better_errors/927a171e4587d656/variables" for ::1 at 2020-10-12 13:48:14 -0700
Started GET "/" for ::1 at 2020-10-12 13:48:41 -0700
Processing by StaticPagesController#index as HTML
  Rendering static_pages/index.html.erb within layouts/application
  Rendered shared/_main_nav.html.erb (0.2ms)
  Rendered shared/_masthead.html.erb (0.1ms)
  Rendered shared/_sections_nav.html.erb (0.3ms)
  Rendered shared/_search_modal.html.erb (0.3ms)
  Rendered shared/_main_content.html.erb (0.2ms)
  Rendered static_pages/index.html.erb within layouts/application (12.8ms)
Completed 200 OK in 110ms (Views: 107.4ms | ActiveRecord: 0.0ms)


Started GET "/assets/application.self-1237ad35a9ee79bd64030d4638d1fd80f6734c490eb538e0dd01d7af3c16bf40.css?body=1" for ::1 at 2020-10-12 13:48:41 -0700
Started GET "/" for ::1 at 2020-10-12 13:48:43 -0700
Processing by StaticPagesController#index as HTML
  Rendering static_pages/index.html.erb within layouts/application
  Rendered shared/_main_nav.html.erb (0.2ms)
  Rendered shared/_masthead.html.erb (0.2ms)
  Rendered shared/_sections_nav.html.erb (0.2ms)
  Rendered shared/_search_modal.html.erb (0.2ms)
  Rendered shared/_main_content.html.erb (0.2ms)
  Rendered static_pages/index.html.erb within layouts/application (13.1ms)
Completed 200 OK in 33ms (Views: 29.9ms | ActiveRecord: 0.0ms)


Started GET "/" for ::1 at 2020-10-12 13:55:52 -0700
DEPRECATION WARNING: ActiveRecord::Base.raise_in_transactional_callbacks= is deprecated, has no effect and will be removed without replacement. (called from block (3 levels) in <class:Railtie> at /Users/carlosgarciajr/.rbenv/versions/2.5.1/lib/ruby/gems/2.5.0/gems/activerecord-5.0.7.2/lib/active_record/railtie.rb:113)
Processing by StaticPagesController#index as HTML
  Rendering static_pages/index.html.erb within layouts/application
  Rendered shared/_main_nav.html.erb (0.2ms)
  Rendered shared/_masthead.html.erb (0.1ms)
  Rendered shared/_sections_nav.html.erb (0.3ms)
  Rendered shared/_search_modal.html.erb (0.2ms)
  Rendered shared/_main_content.html.erb (0.3ms)
  Rendered static_pages/index.html.erb within layouts/application (14.6ms)
Completed 200 OK in 257ms (Views: 254.8ms | ActiveRecord: 0.0ms)


Started GET "/assets/application.self-758afe40c177e32f890a8b8e23f11571b5d1785af915c0789bd6a19191afc6ab.css?body=1" for ::1 at 2020-10-12 13:55:52 -0700
Started GET "/assets/new_office.jpg" for ::1 at 2020-10-12 13:55:52 -0700
Started GET "/" for ::1 at 2020-10-12 13:56:32 -0700
Processing by StaticPagesController#index as HTML
  Rendering static_pages/index.html.erb within layouts/application
  Rendered shared/_main_nav.html.erb (0.1ms)
  Rendered shared/_masthead.html.erb (0.2ms)
  Rendered shared/_sections_nav.html.erb (0.1ms)
  Rendered shared/_search_modal.html.erb (0.3ms)
  Rendered shared/_main_content.html.erb (0.3ms)
  Rendered static_pages/index.html.erb within layouts/application (12.3ms)
Completed 200 OK in 75ms (Views: 72.8ms | ActiveRecord: 0.0ms)


Started GET "/assets/application.self-e229079662ba64eec2df88cc9898f07a6b5005419aa37c928d3d684a6d58d3e4.css?body=1" for ::1 at 2020-10-12 13:56:32 -0700
Started GET "/assets/new_office.jpg" for ::1 at 2020-10-12 13:56:32 -0700
Started GET "/" for ::1 at 2020-10-12 13:56:33 -0700
Processing by StaticPagesController#index as HTML
  Rendering static_pages/index.html.erb within layouts/application
  Rendered shared/_main_nav.html.erb (0.2ms)
  Rendered shared/_masthead.html.erb (0.2ms)
  Rendered shared/_sections_nav.html.erb (0.2ms)
  Rendered shared/_search_modal.html.erb (0.2ms)
  Rendered shared/_main_content.html.erb (0.2ms)
  Rendered static_pages/index.html.erb within layouts/application (12.9ms)
Completed 200 OK in 34ms (Views: 31.3ms | ActiveRecord: 0.0ms)


Started GET "/assets/new_office.jpg" for ::1 at 2020-10-12 13:56:33 -0700
Started GET "/" for ::1 at 2020-10-12 13:57:15 -0700
Processing by StaticPagesController#index as HTML
  Rendering static_pages/index.html.erb within layouts/application
  Rendered shared/_main_nav.html.erb (0.2ms)
  Rendered shared/_masthead.html.erb (0.2ms)
  Rendered shared/_sections_nav.html.erb (0.2ms)
  Rendered shared/_search_modal.html.erb (0.2ms)
  Rendered shared/_main_content.html.erb (0.3ms)
  Rendered static_pages/index.html.erb within layouts/application (12.6ms)
Completed 200 OK in 92ms (Views: 88.2ms | ActiveRecord: 0.0ms)


Started GET "/assets/application.self-7aae4f884d21c0f895d0e25909b4a3857ca3f7bdd4412baf28bf32a8b1f558b1.css?body=1" for ::1 at 2020-10-12 13:57:15 -0700
Started GET "/assets/new_office.jpg" for ::1 at 2020-10-12 13:57:15 -0700
Started GET "/" for ::1 at 2021-01-07 09:42:52 -0800
DEPRECATION WARNING: ActiveRecord::Base.raise_in_transactional_callbacks= is deprecated, has no effect and will be removed without replacement. (called from block (3 levels) in <class:Railtie> at /Users/tim/.rbenv/versions/2.5.1/lib/ruby/gems/2.5.0/gems/activerecord-5.0.7.2/lib/active_record/railtie.rb:113)
Processing by StaticPagesController#index as HTML
  Rendering static_pages/index.html.erb within layouts/application
  Rendered shared/_main_nav.html.erb (0.4ms)
  Rendered shared/_masthead.html.erb (1.6ms)
  Rendered shared/_sections_nav.html.erb (1.5ms)
  Rendered shared/_search_modal.html.erb (1.6ms)
  Rendered shared/_main_content.html.erb (0.6ms)
  Rendered static_pages/index.html.erb within layouts/application (114.9ms)
Completed 200 OK in 1109ms (Views: 1097.8ms | ActiveRecord: 0.0ms)


Started GET "/assets/jquery.self-bd7ddd393353a8d2480a622e80342adf488fb6006d667e8b42e4c0073393abee.js?body=1" for ::1 at 2021-01-07 09:42:54 -0800
Started GET "/assets/jquery_ujs.self-784a997f6726036b1993eb2217c9cb558e1cbb801c6da88105588c56f13b466a.js?body=1" for ::1 at 2021-01-07 09:42:54 -0800
Started GET "/assets/components/modal.self-52188644dbb47def5ee35ae02e69eb567ca9b664472357a8a5789dd39032a265.js?body=1" for ::1 at 2021-01-07 09:42:54 -0800
Started GET "/assets/application.self-653100bc08e7cd1e06e8f6b07baad484e06941d6fb64860b5778e408d94164f6.css?body=1" for ::1 at 2021-01-07 09:42:54 -0800
Started GET "/assets/components/sidebar.self-2a1277f850a6fa21e1a974ef5152f177ac05516477d5081d593bb137b3d6808b.js?body=1" for ::1 at 2021-01-07 09:42:54 -0800
Started GET "/assets/application.self-f571b9db02bf4ed04c38a6a29072ac382f7d4f47db1fab9817aeadb0d8665235.js?body=1" for ::1 at 2021-01-07 09:42:54 -0800
Started GET "/assets/application.self-653100bc08e7cd1e06e8f6b07baad484e06941d6fb64860b5778e408d94164f6.css?body=1&livereload=1610041695694" for ::1 at 2021-01-07 09:48:15 -0800
Started GET "/assets/application.self-653100bc08e7cd1e06e8f6b07baad484e06941d6fb64860b5778e408d94164f6.css?body=1&livereload=1610041695695" for ::1 at 2021-01-07 09:48:15 -0800
Started GET "/assets/application.self-653100bc08e7cd1e06e8f6b07baad484e06941d6fb64860b5778e408d94164f6.css?body=1&livereload=1610041696622" for ::1 at 2021-01-07 09:48:16 -0800
Started GET "/assets/application.self-653100bc08e7cd1e06e8f6b07baad484e06941d6fb64860b5778e408d94164f6.css?body=1&livereload=1610041696623" for ::1 at 2021-01-07 09:48:16 -0800
Started GET "/assets/application.self-653100bc08e7cd1e06e8f6b07baad484e06941d6fb64860b5778e408d94164f6.css?body=1&livereload=1610041703816" for ::1 at 2021-01-07 09:48:23 -0800
Started GET "/assets/application.self-653100bc08e7cd1e06e8f6b07baad484e06941d6fb64860b5778e408d94164f6.css?body=1&livereload=1610041703817" for ::1 at 2021-01-07 09:48:23 -0800
Started GET "/assets/application.self-653100bc08e7cd1e06e8f6b07baad484e06941d6fb64860b5778e408d94164f6.css?body=1&livereload=1610041716135" for ::1 at 2021-01-07 09:48:36 -0800
Started GET "/assets/application.self-653100bc08e7cd1e06e8f6b07baad484e06941d6fb64860b5778e408d94164f6.css?body=1&livereload=1610041716135&livereload=1610041716135" for ::1 at 2021-01-07 09:48:36 -0800
Started GET "/assets/application.self-653100bc08e7cd1e06e8f6b07baad484e06941d6fb64860b5778e408d94164f6.css?body=1&livereload=1610041717465&livereload=1610041716135" for ::1 at 2021-01-07 09:48:37 -0800
Started GET "/assets/application.self-653100bc08e7cd1e06e8f6b07baad484e06941d6fb64860b5778e408d94164f6.css?body=1&livereload=1610041717462&livereload=1610041716135" for ::1 at 2021-01-07 09:48:37 -0800
Started GET "/assets/application.self-653100bc08e7cd1e06e8f6b07baad484e06941d6fb64860b5778e408d94164f6.css?body=1&livereload=1610041726157&livereload=1610041716135" for ::1 at 2021-01-07 09:48:46 -0800
Started GET "/assets/application.self-653100bc08e7cd1e06e8f6b07baad484e06941d6fb64860b5778e408d94164f6.css?body=1&livereload=1610041726159&livereload=1610041716135" for ::1 at 2021-01-07 09:48:46 -0800
Started GET "/assets/application.self-653100bc08e7cd1e06e8f6b07baad484e06941d6fb64860b5778e408d94164f6.css?body=1&livereload=1610041763880&livereload=1610041716135" for ::1 at 2021-01-07 09:49:23 -0800
Started GET "/assets/application.self-653100bc08e7cd1e06e8f6b07baad484e06941d6fb64860b5778e408d94164f6.css?body=1&livereload=1610041763881&livereload=1610041716135" for ::1 at 2021-01-07 09:49:23 -0800
Started GET "/assets/application.self-653100bc08e7cd1e06e8f6b07baad484e06941d6fb64860b5778e408d94164f6.css?body=1&livereload=1610041788882&livereload=1610041716135" for ::1 at 2021-01-07 09:49:48 -0800
Started GET "/assets/application.self-653100bc08e7cd1e06e8f6b07baad484e06941d6fb64860b5778e408d94164f6.css?body=1&livereload=1610041788884&livereload=1610041716135" for ::1 at 2021-01-07 09:49:48 -0800
Started GET "/assets/application.self-653100bc08e7cd1e06e8f6b07baad484e06941d6fb64860b5778e408d94164f6.css?body=1&livereload=1610041793208&livereload=1610041716135" for ::1 at 2021-01-07 09:49:53 -0800
Started GET "/assets/application.self-653100bc08e7cd1e06e8f6b07baad484e06941d6fb64860b5778e408d94164f6.css?body=1&livereload=1610041793210&livereload=1610041716135" for ::1 at 2021-01-07 09:49:53 -0800
Started GET "/assets/application.self-653100bc08e7cd1e06e8f6b07baad484e06941d6fb64860b5778e408d94164f6.css?body=1&livereload=1610041794175&livereload=1610041716135" for ::1 at 2021-01-07 09:49:54 -0800
Started GET "/assets/application.self-653100bc08e7cd1e06e8f6b07baad484e06941d6fb64860b5778e408d94164f6.css?body=1&livereload=1610041794176&livereload=1610041716135" for ::1 at 2021-01-07 09:49:54 -0800
Started GET "/assets/application.self-653100bc08e7cd1e06e8f6b07baad484e06941d6fb64860b5778e408d94164f6.css?body=1&livereload=1610041818295&livereload=1610041716135" for ::1 at 2021-01-07 09:50:18 -0800
Started GET "/assets/application.self-653100bc08e7cd1e06e8f6b07baad484e06941d6fb64860b5778e408d94164f6.css?body=1&livereload=1610041818298&livereload=1610041716135" for ::1 at 2021-01-07 09:50:18 -0800
Started GET "/assets/application.self-653100bc08e7cd1e06e8f6b07baad484e06941d6fb64860b5778e408d94164f6.css?body=1&livereload=1610041822048&livereload=1610041716135" for ::1 at 2021-01-07 09:50:22 -0800
Started GET "/assets/application.self-653100bc08e7cd1e06e8f6b07baad484e06941d6fb64860b5778e408d94164f6.css?body=1&livereload=1610041822050&livereload=1610041716135" for ::1 at 2021-01-07 09:50:22 -0800
Started GET "/assets/application.self-653100bc08e7cd1e06e8f6b07baad484e06941d6fb64860b5778e408d94164f6.css?body=1&livereload=1610041823478&livereload=1610041716135" for ::1 at 2021-01-07 09:50:23 -0800
Started GET "/assets/application.self-653100bc08e7cd1e06e8f6b07baad484e06941d6fb64860b5778e408d94164f6.css?body=1&livereload=1610041823479&livereload=1610041716135" for ::1 at 2021-01-07 09:50:23 -0800
Started GET "/assets/application.self-653100bc08e7cd1e06e8f6b07baad484e06941d6fb64860b5778e408d94164f6.css?body=1&livereload=1610041825531&livereload=1610041716135" for ::1 at 2021-01-07 09:50:25 -0800
Started GET "/assets/application.self-653100bc08e7cd1e06e8f6b07baad484e06941d6fb64860b5778e408d94164f6.css?body=1&livereload=1610041825529&livereload=1610041716135" for ::1 at 2021-01-07 09:50:25 -0800
Started GET "/assets/application.self-653100bc08e7cd1e06e8f6b07baad484e06941d6fb64860b5778e408d94164f6.css?body=1&livereload=1610041828236&livereload=1610041716135" for ::1 at 2021-01-07 09:50:28 -0800
Started GET "/assets/application.self-653100bc08e7cd1e06e8f6b07baad484e06941d6fb64860b5778e408d94164f6.css?body=1&livereload=1610041828237&livereload=1610041716135" for ::1 at 2021-01-07 09:50:28 -0800
Started GET "/assets/application.self-653100bc08e7cd1e06e8f6b07baad484e06941d6fb64860b5778e408d94164f6.css?body=1&livereload=1610041830287&livereload=1610041716135" for ::1 at 2021-01-07 09:50:30 -0800
Started GET "/assets/application.self-653100bc08e7cd1e06e8f6b07baad484e06941d6fb64860b5778e408d94164f6.css?body=1&livereload=1610041830289&livereload=1610041716135" for ::1 at 2021-01-07 09:50:30 -0800
Started GET "/assets/application.self-653100bc08e7cd1e06e8f6b07baad484e06941d6fb64860b5778e408d94164f6.css?body=1&livereload=1610041831888&livereload=1610041716135" for ::1 at 2021-01-07 09:50:31 -0800
Started GET "/assets/application.self-653100bc08e7cd1e06e8f6b07baad484e06941d6fb64860b5778e408d94164f6.css?body=1&livereload=1610041831891&livereload=1610041716135" for ::1 at 2021-01-07 09:50:31 -0800
Started GET "/assets/application.self-653100bc08e7cd1e06e8f6b07baad484e06941d6fb64860b5778e408d94164f6.css?body=1&livereload=1610041833229&livereload=1610041716135" for ::1 at 2021-01-07 09:50:33 -0800
Started GET "/assets/application.self-653100bc08e7cd1e06e8f6b07baad484e06941d6fb64860b5778e408d94164f6.css?body=1&livereload=1610041833228&livereload=1610041716135" for ::1 at 2021-01-07 09:50:33 -0800
Started GET "/assets/application.self-653100bc08e7cd1e06e8f6b07baad484e06941d6fb64860b5778e408d94164f6.css?body=1&livereload=1610041835235&livereload=1610041716135" for ::1 at 2021-01-07 09:50:35 -0800
Started GET "/assets/application.self-653100bc08e7cd1e06e8f6b07baad484e06941d6fb64860b5778e408d94164f6.css?body=1&livereload=1610041835236&livereload=1610041716135" for ::1 at 2021-01-07 09:50:35 -0800
Started GET "/assets/application.self-653100bc08e7cd1e06e8f6b07baad484e06941d6fb64860b5778e408d94164f6.css?body=1&livereload=1610041837489&livereload=1610041716135" for ::1 at 2021-01-07 09:50:37 -0800
Started GET "/assets/application.self-653100bc08e7cd1e06e8f6b07baad484e06941d6fb64860b5778e408d94164f6.css?body=1&livereload=1610041837487&livereload=1610041716135" for ::1 at 2021-01-07 09:50:37 -0800
Started GET "/assets/application.self-653100bc08e7cd1e06e8f6b07baad484e06941d6fb64860b5778e408d94164f6.css?body=1&livereload=1610041841480&livereload=1610041716135" for ::1 at 2021-01-07 09:50:41 -0800
Started GET "/assets/application.self-653100bc08e7cd1e06e8f6b07baad484e06941d6fb64860b5778e408d94164f6.css?body=1&livereload=1610041841481&livereload=1610041716135" for ::1 at 2021-01-07 09:50:41 -0800
Started GET "/assets/application.self-653100bc08e7cd1e06e8f6b07baad484e06941d6fb64860b5778e408d94164f6.css?body=1&livereload=1610041865243&livereload=1610041716135" for ::1 at 2021-01-07 09:51:05 -0800
Started GET "/assets/application.self-653100bc08e7cd1e06e8f6b07baad484e06941d6fb64860b5778e408d94164f6.css?body=1&livereload=1610041865243&livereload=1610041716135&livereload=1610041865243" for ::1 at 2021-01-07 09:51:05 -0800
Started GET "/assets/application.self-653100bc08e7cd1e06e8f6b07baad484e06941d6fb64860b5778e408d94164f6.css?body=1&livereload=1610041868243&livereload=1610041716135&livereload=1610041865243" for ::1 at 2021-01-07 09:51:08 -0800
Started GET "/assets/application.self-653100bc08e7cd1e06e8f6b07baad484e06941d6fb64860b5778e408d94164f6.css?body=1&livereload=1610041868245&livereload=1610041716135&livereload=1610041865243" for ::1 at 2021-01-07 09:51:08 -0800
Started GET "/assets/application.self-653100bc08e7cd1e06e8f6b07baad484e06941d6fb64860b5778e408d94164f6.css?body=1&livereload=1610041898959&livereload=1610041716135&livereload=1610041865243" for ::1 at 2021-01-07 09:51:38 -0800
Started GET "/assets/application.self-653100bc08e7cd1e06e8f6b07baad484e06941d6fb64860b5778e408d94164f6.css?body=1&livereload=1610041898959&livereload=1610041716135&livereload=1610041865243&livereload=1610041898959" for ::1 at 2021-01-07 09:51:38 -0800
Started GET "/assets/application.self-653100bc08e7cd1e06e8f6b07baad484e06941d6fb64860b5778e408d94164f6.css?body=1&livereload=1610041903212&livereload=1610041716135&livereload=1610041865243&livereload=1610041898959" for ::1 at 2021-01-07 09:51:43 -0800
Started GET "/assets/application.self-653100bc08e7cd1e06e8f6b07baad484e06941d6fb64860b5778e408d94164f6.css?body=1&livereload=1610041903213&livereload=1610041716135&livereload=1610041865243&livereload=1610041898959" for ::1 at 2021-01-07 09:51:43 -0800
Started GET "/assets/application.self-653100bc08e7cd1e06e8f6b07baad484e06941d6fb64860b5778e408d94164f6.css?body=1&livereload=1610041941287&livereload=1610041716135&livereload=1610041865243&livereload=1610041898959" for ::1 at 2021-01-07 09:52:21 -0800
Started GET "/assets/application.self-653100bc08e7cd1e06e8f6b07baad484e06941d6fb64860b5778e408d94164f6.css?body=1&livereload=1610041941286&livereload=1610041716135&livereload=1610041865243&livereload=1610041898959" for ::1 at 2021-01-07 09:52:21 -0800
Started GET "/assets/application.self-653100bc08e7cd1e06e8f6b07baad484e06941d6fb64860b5778e408d94164f6.css?body=1&livereload=1610041943811&livereload=1610041716135&livereload=1610041865243&livereload=1610041898959" for ::1 at 2021-01-07 09:52:23 -0800
Started GET "/assets/application.self-653100bc08e7cd1e06e8f6b07baad484e06941d6fb64860b5778e408d94164f6.css?body=1&livereload=1610041943815&livereload=1610041716135&livereload=1610041865243&livereload=1610041898959" for ::1 at 2021-01-07 09:52:23 -0800
Started GET "/assets/application.self-653100bc08e7cd1e06e8f6b07baad484e06941d6fb64860b5778e408d94164f6.css?body=1&livereload=1610041948881&livereload=1610041716135&livereload=1610041865243&livereload=1610041898959" for ::1 at 2021-01-07 09:52:28 -0800
Started GET "/assets/application.self-653100bc08e7cd1e06e8f6b07baad484e06941d6fb64860b5778e408d94164f6.css?body=1&livereload=1610041948882&livereload=1610041716135&livereload=1610041865243&livereload=1610041898959" for ::1 at 2021-01-07 09:52:28 -0800
Started GET "/assets/application.self-653100bc08e7cd1e06e8f6b07baad484e06941d6fb64860b5778e408d94164f6.css?body=1&livereload=1610041953633&livereload=1610041716135&livereload=1610041865243&livereload=1610041898959" for ::1 at 2021-01-07 09:52:33 -0800
Started GET "/assets/application.self-653100bc08e7cd1e06e8f6b07baad484e06941d6fb64860b5778e408d94164f6.css?body=1&livereload=1610041953634&livereload=1610041716135&livereload=1610041865243&livereload=1610041898959" for ::1 at 2021-01-07 09:52:33 -0800
Started GET "/assets/application.self-653100bc08e7cd1e06e8f6b07baad484e06941d6fb64860b5778e408d94164f6.css?body=1&livereload=1610041955135&livereload=1610041716135&livereload=1610041865243&livereload=1610041898959" for ::1 at 2021-01-07 09:52:35 -0800
Started GET "/assets/application.self-653100bc08e7cd1e06e8f6b07baad484e06941d6fb64860b5778e408d94164f6.css?body=1&livereload=1610041955137&livereload=1610041716135&livereload=1610041865243&livereload=1610041898959" for ::1 at 2021-01-07 09:52:35 -0800
Started GET "/assets/application.self-653100bc08e7cd1e06e8f6b07baad484e06941d6fb64860b5778e408d94164f6.css?body=1&livereload=1610041961040&livereload=1610041716135&livereload=1610041865243&livereload=1610041898959" for ::1 at 2021-01-07 09:52:41 -0800
Started GET "/assets/application.self-653100bc08e7cd1e06e8f6b07baad484e06941d6fb64860b5778e408d94164f6.css?body=1&livereload=1610041961039&livereload=1610041716135&livereload=1610041865243&livereload=1610041898959" for ::1 at 2021-01-07 09:52:41 -0800
Started GET "/assets/application.self-653100bc08e7cd1e06e8f6b07baad484e06941d6fb64860b5778e408d94164f6.css?body=1&livereload=1610041962312&livereload=1610041716135&livereload=1610041865243&livereload=1610041898959" for ::1 at 2021-01-07 09:52:42 -0800
Started GET "/assets/application.self-653100bc08e7cd1e06e8f6b07baad484e06941d6fb64860b5778e408d94164f6.css?body=1&livereload=1610041962310&livereload=1610041716135&livereload=1610041865243&livereload=1610041898959" for ::1 at 2021-01-07 09:52:42 -0800
Started GET "/assets/application.self-653100bc08e7cd1e06e8f6b07baad484e06941d6fb64860b5778e408d94164f6.css?body=1&livereload=1610042052528&livereload=1610041716135&livereload=1610041865243&livereload=1610041898959" for ::1 at 2021-01-07 09:54:12 -0800
Started GET "/assets/application.self-653100bc08e7cd1e06e8f6b07baad484e06941d6fb64860b5778e408d94164f6.css?body=1&livereload=1610042052530&livereload=1610041716135&livereload=1610041865243&livereload=1610041898959" for ::1 at 2021-01-07 09:54:12 -0800
Started GET "/assets/application.self-653100bc08e7cd1e06e8f6b07baad484e06941d6fb64860b5778e408d94164f6.css?body=1&livereload=1610042054092&livereload=1610041716135&livereload=1610041865243&livereload=1610041898959" for ::1 at 2021-01-07 09:54:14 -0800
Started GET "/assets/application.self-653100bc08e7cd1e06e8f6b07baad484e06941d6fb64860b5778e408d94164f6.css?body=1&livereload=1610042054097&livereload=1610041716135&livereload=1610041865243&livereload=1610041898959" for ::1 at 2021-01-07 09:54:14 -0800
Started GET "/assets/application.self-653100bc08e7cd1e06e8f6b07baad484e06941d6fb64860b5778e408d94164f6.css?body=1&livereload=1610042055041&livereload=1610041716135&livereload=1610041865243&livereload=1610041898959" for ::1 at 2021-01-07 09:54:15 -0800
Started GET "/assets/application.self-653100bc08e7cd1e06e8f6b07baad484e06941d6fb64860b5778e408d94164f6.css?body=1&livereload=1610042055043&livereload=1610041716135&livereload=1610041865243&livereload=1610041898959" for ::1 at 2021-01-07 09:54:15 -0800
Started GET "/assets/application.self-653100bc08e7cd1e06e8f6b07baad484e06941d6fb64860b5778e408d94164f6.css?body=1&livereload=1610042056993&livereload=1610041716135&livereload=1610041865243&livereload=1610041898959" for ::1 at 2021-01-07 09:54:17 -0800
Started GET "/assets/application.self-653100bc08e7cd1e06e8f6b07baad484e06941d6fb64860b5778e408d94164f6.css?body=1&livereload=1610042056995&livereload=1610041716135&livereload=1610041865243&livereload=1610041898959" for ::1 at 2021-01-07 09:54:17 -0800
Started GET "/assets/application.self-653100bc08e7cd1e06e8f6b07baad484e06941d6fb64860b5778e408d94164f6.css?body=1&livereload=1610042061113&livereload=1610041716135&livereload=1610041865243&livereload=1610041898959" for ::1 at 2021-01-07 09:54:21 -0800
Started GET "/assets/application.self-653100bc08e7cd1e06e8f6b07baad484e06941d6fb64860b5778e408d94164f6.css?body=1&livereload=1610042061110&livereload=1610041716135&livereload=1610041865243&livereload=1610041898959" for ::1 at 2021-01-07 09:54:21 -0800
Started GET "/assets/application.self-653100bc08e7cd1e06e8f6b07baad484e06941d6fb64860b5778e408d94164f6.css?body=1&livereload=1610042069234&livereload=1610041716135&livereload=1610041865243&livereload=1610041898959" for ::1 at 2021-01-07 09:54:29 -0800
Started GET "/assets/application.self-653100bc08e7cd1e06e8f6b07baad484e06941d6fb64860b5778e408d94164f6.css?body=1&livereload=1610042069236&livereload=1610041716135&livereload=1610041865243&livereload=1610041898959" for ::1 at 2021-01-07 09:54:29 -0800
Started GET "/assets/application.self-653100bc08e7cd1e06e8f6b07baad484e06941d6fb64860b5778e408d94164f6.css?body=1&livereload=1610042072988&livereload=1610041716135&livereload=1610041865243&livereload=1610041898959" for ::1 at 2021-01-07 09:54:33 -0800
Started GET "/assets/application.self-653100bc08e7cd1e06e8f6b07baad484e06941d6fb64860b5778e408d94164f6.css?body=1&livereload=1610042072989&livereload=1610041716135&livereload=1610041865243&livereload=1610041898959" for ::1 at 2021-01-07 09:54:33 -0800
Started GET "/assets/application.self-653100bc08e7cd1e06e8f6b07baad484e06941d6fb64860b5778e408d94164f6.css?body=1&livereload=1610042074857&livereload=1610041716135&livereload=1610041865243&livereload=1610041898959" for ::1 at 2021-01-07 09:54:34 -0800
Started GET "/assets/application.self-653100bc08e7cd1e06e8f6b07baad484e06941d6fb64860b5778e408d94164f6.css?body=1&livereload=1610042074856&livereload=1610041716135&livereload=1610041865243&livereload=1610041898959" for ::1 at 2021-01-07 09:54:34 -0800
Started GET "/assets/application.self-653100bc08e7cd1e06e8f6b07baad484e06941d6fb64860b5778e408d94164f6.css?body=1&livereload=1610042081048&livereload=1610041716135&livereload=1610041865243&livereload=1610041898959" for ::1 at 2021-01-07 09:54:41 -0800
Started GET "/assets/application.self-653100bc08e7cd1e06e8f6b07baad484e06941d6fb64860b5778e408d94164f6.css?body=1&livereload=1610042081046&livereload=1610041716135&livereload=1610041865243&livereload=1610041898959" for ::1 at 2021-01-07 09:54:41 -0800
Started GET "/assets/application.self-653100bc08e7cd1e06e8f6b07baad484e06941d6fb64860b5778e408d94164f6.css?body=1&livereload=1610042084341&livereload=1610041716135&livereload=1610041865243&livereload=1610041898959" for ::1 at 2021-01-07 09:54:44 -0800
Started GET "/assets/application.self-653100bc08e7cd1e06e8f6b07baad484e06941d6fb64860b5778e408d94164f6.css?body=1&livereload=1610042084340&livereload=1610041716135&livereload=1610041865243&livereload=1610041898959" for ::1 at 2021-01-07 09:54:44 -0800
Started GET "/assets/application.self-653100bc08e7cd1e06e8f6b07baad484e06941d6fb64860b5778e408d94164f6.css?body=1&livereload=1610042085847&livereload=1610041716135&livereload=1610041865243&livereload=1610041898959" for ::1 at 2021-01-07 09:54:45 -0800
Started GET "/assets/application.self-653100bc08e7cd1e06e8f6b07baad484e06941d6fb64860b5778e408d94164f6.css?body=1&livereload=1610042085845&livereload=1610041716135&livereload=1610041865243&livereload=1610041898959" for ::1 at 2021-01-07 09:54:45 -0800
